==========================================================================================
  Modbus Heavy-Duty Grid Tester  (single cycle)
==========================================================================================
  Mode       : RTU
  Connection : COM23 @ 9600 8N1
  Grid       : 7 rows x 8 cols = 56 units
  Unit IDs   : 11-18, 21-28, 31-38, 41-48, 51-58, 61-68, 71-78
  Pass 1     : WriteRGB -> LED+LatchON(1021-1028) -> ReadLatch(40)
  Pass 2     : ReadLatch(40) -> LEDoff(1001-1008)
  Delays     : Action 200ms | Sub-cycle 500ms | Seam 500ms
  Colors     : 16 presets
  Log (csv)  : logs\heavy_duty_2026-04-20_120540.csv
  Log (text) : logs\heavy_duty_2026-04-20_120540.log

Connecting to COM23 @ 9600 8N1... OK

==========================================================================================
  2026-04-20 12:05:40  |  56 units x 2 passes
==========================================================================================

  Pass 1  WriteRGB -> LED+LatchON -> ReadLatch
  ====================================================================================

  Row 1  (ID 11 - 18)
  ------------------------------------------------------------------------------------
  [  1] ID:11 L7    RGB(127,  0,255)=OK   134.3ms | ON(1027)=OK   129.5ms | Latch=  483 OK   133.2ms  [OK 397ms]
  [  2] ID:12 L1    RGB(  0,255, 63)=OK   136.4ms | ON(1021)=OK   139.0ms | Latch=  485 OK   126.9ms  [OK 402ms]
  [  3] ID:13 L2    RGB( 31,  0,255)=OK   134.7ms | ON(1022)=OK   137.3ms | Latch=  487 OK   129.0ms  [OK 401ms]
  [  4] ID:14 L3    RGB(255, 95,  0)=OK   134.5ms | ON(1023)=OK   136.8ms | Latch=  488 OK   132.4ms  [OK 404ms]
  [  5] ID:15 L5    RGB(255,  0,191)=OK   130.5ms | ON(1025)=OK   136.0ms | Latch=  488 OK   133.1ms  [OK 400ms]
  [  6] ID:16 L2    RGB(255,  0, 95)=OK   153.1ms | ON(1022)=OK   129.4ms | Latch=  491 OK   131.8ms  [OK 414ms]
  [  7] ID:17 L5    RGB(  0,159,255)=OK   137.9ms | ON(1025)=OK   129.8ms | Latch=  493 OK   132.0ms  [OK 400ms]
  [  8] ID:18 L2    RGB(  0,255,255)=OK   134.2ms | ON(1022)=OK   138.2ms | Latch=  493 OK   132.7ms  [OK 405ms]
  Row 1 done: 8/8 OK  (10018ms)
  >>> Seam: ID 18 -> 21  (wait 500ms)

  Row 2  (ID 21 - 28)
  ------------------------------------------------------------------------------------
  [  9] ID:21 L3    RGB( 31,255,  0)=OK   146.5ms | ON(1023)=OK   131.4ms | Latch=  493 OK   133.2ms  [OK 411ms]
  [ 10] ID:22 L4    RGB(255,191,  0)=OK   134.5ms | ON(1024)=OK   132.6ms | Latch=  495 OK   125.8ms  [OK 393ms]
  [ 11] ID:23 L2    RGB(127,255,  0)=OK   134.6ms | ON(1022)=OK   133.9ms | Latch=  496 OK   132.9ms  [OK 401ms]
  [ 12] ID:24 L4    RGB(  0, 63,255)=OK   147.3ms | ON(1024)=OK   131.1ms | Latch=  498 OK   136.2ms  [OK 415ms]
  [ 13] ID:25 L5    RGB(255,  0,  0)=OK   132.9ms | ON(1025)=OK   130.4ms | Latch=  499 OK   137.9ms  [OK 401ms]
  [ 14] ID:26 L2    RGB(223,  0,255)=OK   147.8ms | ON(1022)=OK   131.0ms | Latch=  501 OK   138.5ms  [OK 417ms]
  [ 15] ID:27 L3    RGB(  0,255,159)=OK   135.0ms | ON(1023)=OK   138.6ms | Latch=  502 OK   128.8ms  [OK 402ms]
  [ 16] ID:28 L2    RGB(223,255,  0)=OK   137.0ms | ON(1022)=OK   134.3ms | Latch=  503 OK   134.9ms  [OK 406ms]
  Row 2 done: 8/8 OK  (10037ms)
  >>> Seam: ID 28 -> 31  (wait 500ms)

  Row 3  (ID 31 - 38)
  ------------------------------------------------------------------------------------
  [ 17] ID:31 L1    RGB(255,  0,  0)=OK   141.2ms | ON(1021)=OK   135.8ms | Latch=  504 OK   128.1ms  [OK 405ms]
  [ 18] ID:32 L5    RGB(  0,255,255)=OK   139.6ms | ON(1025)=OK   127.9ms | Latch=  504 OK   133.9ms  [OK 401ms]
  [ 19] ID:33 L2    RGB(  0,255,159)=OK   134.5ms | ON(1022)=OK   133.0ms | Latch=  506 OK   130.8ms  [OK 398ms]
  [ 20] ID:34 L8    RGB(  0, 63,255)=OK   133.1ms | ON(1028)=OK   133.2ms | Latch=  508 OK   133.7ms  [OK 400ms]
  [ 21] ID:35 L3    RGB(255, 95,  0)=OK   136.1ms | ON(1023)=OK   132.7ms | Latch=  508 OK   131.5ms  [OK 400ms]
  [ 22] ID:36 L5    RGB(223,255,  0)=OK   132.9ms | ON(1025)=OK   135.8ms | Latch=  511 OK   131.7ms  [OK 400ms]
  [ 23] ID:37 L5    RGB(255,  0, 95)=OK   137.5ms | ON(1025)=OK   128.4ms | Latch=  513 OK   132.0ms  [OK 398ms]
  [ 24] ID:38 L3    RGB(  0,255, 63)=OK   137.0ms | ON(1023)=OK   139.9ms | Latch=  513 OK   129.7ms  [OK 407ms]
  Row 3 done: 8/8 OK  (10007ms)
  >>> Seam: ID 38 -> 41  (wait 500ms)

  Row 4  (ID 41 - 48)
  ------------------------------------------------------------------------------------
  [ 25] ID:41 L5    RGB(223,  0,255)=OK   134.7ms | ON(1025)=OK   131.9ms | Latch=  515 OK   132.9ms  [OK 400ms]
  [ 26] ID:42 L6    RGB(255,  0,191)=OK   133.1ms | ON(1026)=OK   136.9ms | Latch=  516 OK   128.3ms  [OK 398ms]
  [ 27] ID:43 L2    RGB( 31,  0,255)=OK   139.0ms | ON(1022)=OK   130.1ms | Latch=  517 OK   136.7ms  [OK 406ms]
  [ 28] ID:44 L3    RGB(127,255,  0)=OK   146.7ms | ON(1023)=OK   134.0ms | Latch=  520 OK   132.8ms  [OK 414ms]
  [ 29] ID:45 L3    RGB( 31,255,  0)=OK   135.3ms | ON(1023)=OK   133.7ms | Latch=  521 OK   133.9ms  [OK 403ms]
  [ 30] ID:46 L7    RGB(255,191,  0)=OK   144.6ms | ON(1027)=OK   133.6ms | Latch=  523 OK   134.5ms  [OK 413ms]
  [ 31] ID:47 L5    RGB(  0,159,255)=OK   137.2ms | ON(1025)=OK   129.9ms | Latch=  524 OK   134.0ms  [OK 401ms]
  [ 32] ID:48 L3    RGB(127,  0,255)=OK   134.1ms | ON(1023)=OK   135.4ms | Latch=  523 OK   129.6ms  [OK 399ms]
  Row 4 done: 8/8 OK  (9998ms)
  >>> Seam: ID 48 -> 51  (wait 500ms)

  Row 5  (ID 51 - 58)
  ------------------------------------------------------------------------------------
  [ 33] ID:51 L3    RGB(  0,255,255)=OK   133.7ms | ON(1023)=OK   131.6ms | Latch=  525 OK   134.9ms  [OK 400ms]
  [ 34] ID:52 L5    RGB(255,  0, 95)=OK   132.1ms | ON(1025)=OK   136.5ms | Latch=  526 OK   131.2ms  [OK 400ms]
  [ 35] ID:53 L5    RGB( 31,  0,255)=OK   132.0ms | ON(1025)=OK   136.4ms | Latch=  528 OK   134.6ms  [OK 403ms]
  [ 36] ID:54 L7    RGB(255, 95,  0)=OK   147.6ms | ON(1027)=OK   129.9ms | Latch=    0 OK   133.7ms  [OK 411ms]
  [ 37] ID:55 L3    RGB(  0,255,159)=OK   136.9ms | ON(1023)=OK   131.9ms | Latch=  530 OK   133.7ms  [OK 403ms]
  [ 38] ID:56 L7    RGB(  0,159,255)=OK   134.6ms | ON(1027)=OK   134.7ms | Latch=  533 OK   132.1ms  [OK 401ms]
  [ 39] ID:57 L8    RGB(255,  0,  0)=OK   134.9ms | ON(1028)=OK   131.4ms | Latch=  534 OK   133.6ms  [OK 400ms]
  [ 40] ID:58 L5    RGB(255,  0,191)=OK   133.0ms | ON(1025)=OK   137.0ms | Latch=    0 OK   134.6ms  [OK 405ms]
  Row 5 done: 8/8 OK  (9989ms)
  >>> Seam: ID 58 -> 61  (wait 500ms)

  Row 6  (ID 61 - 68)
  ------------------------------------------------------------------------------------
  [ 41] ID:61 L7    RGB( 31,255,  0)=OK   146.8ms | ON(1027)=OK   130.6ms | Latch=    0 OK   138.4ms  [OK 416ms]
  [ 42] ID:62 L4    RGB(255,191,  0)=OK   146.6ms | ON(1024)=OK   133.8ms | Latch=  535 OK   133.9ms  [OK 414ms]
  [ 43] ID:63 L5    RGB(127,255,  0)=OK   148.8ms | ON(1025)=OK   132.5ms | Latch=  538 OK   134.6ms  [OK 416ms]
  [ 44] ID:64 L1    RGB(  0,255, 63)=OK   135.7ms | ON(1021)=OK   132.0ms | Latch=  539 OK   138.5ms  [OK 406ms]
  [ 45] ID:65 L2    RGB(223,  0,255)=OK   132.1ms | ON(1022)=OK   133.0ms | Latch=  541 OK   131.0ms  [OK 396ms]
  [ 46] ID:66 L6    RGB(  0, 63,255)=OK   138.5ms | ON(1026)=OK   145.1ms | Latch=  542 OK   136.6ms  [OK 420ms]
  [ 47] ID:67 L5    RGB(127,  0,255)=OK   141.9ms | ON(1025)=OK   129.0ms | Latch=  545 OK   132.2ms  [OK 403ms]
  [ 48] ID:68 L6    RGB(223,255,  0)=OK   135.6ms | ON(1026)=OK   132.8ms | Latch=  545 OK   132.0ms  [OK 400ms]
  Row 6 done: 8/8 OK  (10077ms)
  >>> Seam: ID 68 -> 71  (wait 500ms)

  Row 7  (ID 71 - 78)
  ------------------------------------------------------------------------------------
  [ 49] ID:71 L3    RGB( 31,  0,255)=OK   131.4ms | ON(1023)=OK   133.2ms | Latch=  546 OK   135.5ms  [OK 400ms]
  [ 50] ID:72 L6    RGB(255, 95,  0)=OK   141.8ms | ON(1026)=OK   139.6ms | Latch=  547 OK   131.2ms  [OK 413ms]
  [ 51] ID:73 L3    RGB(  0,255, 63)=OK   136.6ms | ON(1023)=OK   132.8ms | Latch=  548 OK   130.4ms  [OK 400ms]
  [ 52] ID:74 L8    RGB(223,  0,255)=OK   139.3ms | ON(1028)=OK   131.2ms | Latch=    0 OK   132.2ms  [OK 403ms]
  [ 53] ID:75 L5    RGB(  0,255,159)=OK   134.5ms | ON(1025)=OK   132.7ms | Latch=    0 OK   132.2ms  [OK 399ms]
  [ 54] ID:76 L7    RGB(127,  0,255)=OK   130.8ms | ON(1027)=OK   135.7ms | Latch=  554 OK   129.8ms  [OK 396ms]
  [ 55] ID:77 L5    RGB(  0,255,255)=OK   138.5ms | ON(1025)=OK   133.8ms | Latch=  554 OK   128.0ms  [OK 400ms]
  [ 56] ID:78 L5    RGB(255,  0,191)=OK   137.3ms | ON(1025)=OK   132.9ms | Latch=  555 OK   129.7ms  [OK 400ms]
  Row 7 done: 8/8 OK  (9984ms)

  >>> Seam: ID 78 -> 11  (wait 500ms)

  Pass 2  ReadLatch -> LEDoff(1001-1008)
  ====================================================================================

  Row 1  (ID 11 - 18)
  ------------------------------------------------------------------------------------
  [  1] ID:11 L7    Latch=  556 OK   128.7ms | OFF(1007)=OK   134.4ms  [OK 263ms]
  [  2] ID:12 L1    Latch=  557 OK   132.5ms | OFF(1001)=OK   133.9ms  [OK 266ms]
  [  3] ID:13 L2    Latch=  559 OK   140.6ms | OFF(1002)=OK   133.2ms  [OK 274ms]
  [  4] ID:14 L3    Latch=  559 OK   132.0ms | OFF(1003)=OK   134.0ms  [OK 266ms]
  [  5] ID:15 L5    Latch=  560 OK   133.3ms | OFF(1005)=OK   132.1ms  [OK 265ms]
  [  6] ID:16 L2    Latch=  562 OK   135.8ms | OFF(1002)=OK   130.9ms  [OK 267ms]
  [  7] ID:17 L5    Latch=  563 OK   140.2ms | OFF(1005)=OK   130.3ms  [OK 271ms]
  [  8] ID:18 L2    Latch=  563 OK   135.5ms | OFF(1002)=OK   131.8ms  [OK 267ms]
  Row 1 done: 8/8 OK  (7301ms)
  >>> Seam: ID 18 -> 21  (wait 500ms)

  Row 2  (ID 21 - 28)
  ------------------------------------------------------------------------------------
  [  9] ID:21 L3    Latch=  563 OK   130.5ms | OFF(1003)=OK   132.7ms  [OK 263ms]
  [ 10] ID:22 L4    Latch=  564 OK   140.2ms | OFF(1004)=OK   128.8ms  [OK 269ms]
  [ 11] ID:23 L2    Latch=  566 OK   136.2ms | OFF(1002)=OK   129.9ms  [OK 266ms]
  [ 12] ID:24 L4    Latch=  567 OK   137.7ms | OFF(1004)=OK   130.6ms  [OK 268ms]
  [ 13] ID:25 L5    Latch=  567 OK   137.0ms | OFF(1005)=OK   128.6ms  [OK 266ms]
  [ 14] ID:26 L2    Latch=  570 OK   133.8ms | OFF(1002)=OK   138.5ms  [OK 272ms]
  [ 15] ID:27 L3    Latch=  570 OK   127.2ms | OFF(1003)=OK   132.6ms  [OK 260ms]
  [ 16] ID:28 L2    Latch=  571 OK   134.9ms | OFF(1002)=OK   130.0ms  [OK 265ms]
  Row 2 done: 8/8 OK  (7285ms)
  >>> Seam: ID 28 -> 31  (wait 500ms)

  Row 3  (ID 31 - 38)
  ------------------------------------------------------------------------------------
  [ 17] ID:31 L1    Latch=  572 OK   131.7ms | OFF(1001)=OK   133.5ms  [OK 265ms]
  [ 18] ID:32 L5    Latch=  571 OK   136.7ms | OFF(1005)=OK   133.2ms  [OK 270ms]
  [ 19] ID:33 L2    Latch=  572 OK   130.7ms | OFF(1002)=OK   130.9ms  [OK 262ms]
  [ 20] ID:34 L8    Latch=  574 OK   140.2ms | OFF(1008)=OK   132.1ms  [OK 272ms]
  [ 21] ID:35 L3    Latch=  574 OK   134.2ms | OFF(1003)=OK   136.8ms  [OK 271ms]
  [ 22] ID:36 L5    Latch=  576 OK   129.9ms | OFF(1005)=OK   134.2ms  [OK 264ms]
  [ 23] ID:37 L5    Latch=  578 OK   135.8ms | OFF(1005)=OK   131.2ms  [OK 267ms]
  [ 24] ID:38 L3    Latch=  578 OK   133.6ms | OFF(1003)=OK   135.7ms  [OK 269ms]
  Row 3 done: 8/8 OK  (7294ms)
  >>> Seam: ID 38 -> 41  (wait 500ms)

  Row 4  (ID 41 - 48)
  ------------------------------------------------------------------------------------
  [ 25] ID:41 L5    Latch=  580 OK   134.0ms | OFF(1005)=OK   130.4ms  [OK 264ms]
  [ 26] ID:42 L6    Latch=  581 OK   135.2ms | OFF(1006)=OK   133.2ms  [OK 268ms]
  [ 27] ID:43 L2    Latch=  581 OK   134.1ms | OFF(1002)=OK   133.1ms  [OK 267ms]
  [ 28] ID:44 L3    Latch=  584 OK   136.2ms | OFF(1003)=OK   132.2ms  [OK 268ms]
  [ 29] ID:45 L3    Latch=  584 OK   136.3ms | OFF(1003)=OK   129.5ms  [OK 266ms]
  [ 30] ID:46 L7    Latch=  586 OK   137.5ms | OFF(1007)=OK   130.6ms  [OK 268ms]
  [ 31] ID:47 L5    Latch=  587 OK   133.4ms | OFF(1005)=OK   128.9ms  [OK 262ms]
  [ 32] ID:48 L3    Latch=  585 OK   137.7ms | OFF(1003)=OK   130.2ms  [OK 268ms]
  Row 4 done: 8/8 OK  (7285ms)
  >>> Seam: ID 48 -> 51  (wait 500ms)

  Row 5  (ID 51 - 58)
  ------------------------------------------------------------------------------------
  [ 33] ID:51 L3    Latch=  587 OK   134.8ms | OFF(1003)=OK   128.9ms  [OK 264ms]
  [ 34] ID:52 L5    Latch=  588 OK   134.6ms | OFF(1005)=OK   134.0ms  [OK 269ms]
  [ 35] ID:53 L5    Latch=  589 OK   135.3ms | OFF(1005)=OK   135.1ms  [OK 270ms]
  [ 36] ID:54 L7    Latch=   61 OK   137.3ms | OFF(1007)=OK   131.0ms  [OK 268ms]
  [ 37] ID:55 L3    Latch=  591 OK   135.2ms | OFF(1003)=OK   134.6ms  [OK 270ms]
  [ 38] ID:56 L7    Latch=  593 OK   133.4ms | OFF(1007)=OK   134.2ms  [OK 268ms]
  [ 39] ID:57 L8    Latch=  594 OK   132.5ms | OFF(1008)=OK   133.2ms  [OK 266ms]
  [ 40] ID:58 L5    Latch=   59 OK   135.3ms | OFF(1005)=OK   135.6ms  [OK 271ms]
  Row 5 done: 8/8 OK  (7293ms)
  >>> Seam: ID 58 -> 61  (wait 500ms)

  Row 6  (ID 61 - 68)
  ------------------------------------------------------------------------------------
  [ 41] ID:61 L7    Latch=   59 OK   129.9ms | OFF(1007)=OK   134.1ms  [OK 264ms]
  [ 42] ID:62 L4    Latch=  594 OK   132.0ms | OFF(1004)=OK   131.6ms  [OK 264ms]
  [ 43] ID:63 L5    Latch=  596 OK   133.9ms | OFF(1005)=OK   135.0ms  [OK 269ms]
  [ 44] ID:64 L1    Latch=  597 OK   135.7ms | OFF(1001)=OK   129.0ms  [OK 265ms]
  [ 45] ID:65 L2    Latch=  599 OK   137.0ms | OFF(1002)=OK   132.0ms  [OK 269ms]
  [ 46] ID:66 L6    Latch=  599 OK   134.8ms | OFF(1006)=OK   132.9ms  [OK 268ms]
  [ 47] ID:67 L5    Latch=  602 OK   129.1ms | OFF(1005)=OK   138.2ms  [OK 267ms]
  [ 48] ID:68 L6    Latch=  602 OK   124.8ms | OFF(1006)=OK   136.5ms  [OK 261ms]
  Row 6 done: 8/8 OK  (7286ms)
  >>> Seam: ID 68 -> 71  (wait 500ms)

  Row 7  (ID 71 - 78)
  ------------------------------------------------------------------------------------
  [ 49] ID:71 L3    Latch=  603 OK   127.8ms | OFF(1003)=OK   132.6ms  [OK 260ms]
  [ 50] ID:72 L6    Latch=  603 OK   139.5ms | OFF(1006)=OK   130.7ms  [OK 270ms]
  [ 51] ID:73 L3    Latch=  604 OK   134.3ms | OFF(1003)=OK   134.9ms  [OK 269ms]
  [ 52] ID:74 L8    Latch=   55 OK   135.0ms | OFF(1008)=OK   135.2ms  [OK 270ms]
  [ 53] ID:75 L5    Latch=   55 OK   135.6ms | OFF(1005)=OK   132.3ms  [OK 268ms]
  [ 54] ID:76 L7    Latch=  609 OK   136.4ms | OFF(1007)=OK   132.7ms  [OK 269ms]
  [ 55] ID:77 L5    Latch=  608 OK   136.6ms | OFF(1005)=OK   131.6ms  [OK 268ms]
  [ 56] ID:78 L5    Latch=  609 OK   138.5ms | OFF(1005)=OK   130.5ms  [OK 269ms]
  Row 7 done: 8/8 OK  (7301ms)

==========================================================================================
  DONE  |  112/112 OK  |  127.7s  |  Success rate: 100.0%
==========================================================================================
Program terminated
