2026-02-13 11:24:46 | ======================================================================
2026-02-13 11:24:46 | MODBUS TCP STATISTICS LOG
2026-02-13 11:24:46 | ======================================================================
2026-02-13 11:24:46 | Test Start: 2026-02-13 11:24:46 | Cabinets: 10
2026-02-13 11:24:46 | ======================================================================
2026-02-13 11:24:46 | Format: Cycle | Cabinet | Connected | Success | Failed | Time(s)
2026-02-13 11:24:46 | ----------------------------------------------------------------------
2026-02-13 11:24:46 | 
2026-02-13 11:24:46 | CYCLE #1 START | 2026-02-13 11:24:46
2026-02-13 11:25:39 | C1 | ตู้ที่ 1     | CONNECTED  |    160 |      0 |   52.83
2026-02-13 11:26:33 | C1 | ตู้ที่ 2     | CONNECTED  |    160 |      0 |   52.74
2026-02-13 11:27:26 | C1 | ตู้ที่ 3     | CONNECTED  |    160 |      0 |   52.84
2026-02-13 11:28:19 | C1 | ตู้ที่ 4     | CONNECTED  |    160 |      0 |   52.79
2026-02-13 11:29:13 | C1 | ตู้ที่ 5     | CONNECTED  |    160 |      0 |   52.89
2026-02-13 11:30:06 | C1 | ตู้ที่ 6     | CONNECTED  |    160 |      0 |   52.78
2026-02-13 11:30:59 | C1 | ตู้ที่ 7     | CONNECTED  |    160 |      0 |   52.84
2026-02-13 11:31:52 | C1 | ตู้ที่ 8     | CONNECTED  |    160 |      0 |   52.58
2026-02-13 11:32:46 | C1 | ตู้ที่ 9     | CONNECTED  |    160 |      0 |   52.73
2026-02-13 11:33:39 | C1 | ตู้ที่ 20    | CONNECTED  |    136 |      0 |   52.91
2026-02-13 11:33:39 | CYCLE #1 SUMMARY | Success: 1576 | Failed: 0 | Disconnected: 0 | Time: 532.94s (8.88m)
2026-02-13 11:33:42 | 
2026-02-13 11:33:42 | CYCLE #2 START | 2026-02-13 11:33:42
2026-02-13 11:34:36 | C2 | ตู้ที่ 1     | CONNECTED  |    160 |      0 |   53.09
2026-02-13 11:35:29 | C2 | ตู้ที่ 2     | CONNECTED  |    160 |      0 |   53.06
2026-02-13 11:36:23 | C2 | ตู้ที่ 3     | CONNECTED  |    160 |      0 |   53.10
2026-02-13 11:37:16 | C2 | ตู้ที่ 4     | CONNECTED  |    160 |      0 |   52.83
2026-02-13 11:38:09 | C2 | ตู้ที่ 5     | CONNECTED  |    160 |      0 |   52.93
2026-02-13 11:38:36 | C2 | ตู้ที่ 6     | FAILED     |      0 |      0 |   26.01
2026-02-13 11:39:29 | C2 | ตู้ที่ 7     | CONNECTED  |    160 |      0 |   52.91
2026-02-13 11:40:24 | C2 | ตู้ที่ 8     | CONNECTED  |    160 |      0 |   54.11
2026-02-13 11:41:18 | C2 | ตู้ที่ 9     | CONNECTED  |    160 |      0 |   53.12
2026-02-13 11:42:11 | C2 | ตู้ที่ 20    | CONNECTED  |    136 |      0 |   52.85
2026-02-13 11:42:11 | CYCLE #2 SUMMARY | Success: 1416 | Failed: 0 | Disconnected: 1 | Time: 509.03s (8.48m)
2026-02-13 11:42:14 | 
2026-02-13 11:42:14 | CYCLE #3 START | 2026-02-13 11:42:14
2026-02-13 11:43:07 | C3 | ตู้ที่ 1     | CONNECTED  |    160 |      0 |   52.71
2026-02-13 11:44:00 | C3 | ตู้ที่ 2     | CONNECTED  |    160 |      0 |   52.72
2026-02-13 11:44:54 | C3 | ตู้ที่ 3     | CONNECTED  |    160 |      0 |   53.50
2026-02-13 11:45:48 | C3 | ตู้ที่ 4     | CONNECTED  |    160 |      0 |   52.82
2026-02-13 11:46:41 | C3 | ตู้ที่ 5     | CONNECTED  |    160 |      0 |   52.75
2026-02-13 11:47:08 | C3 | ตู้ที่ 6     | FAILED     |      0 |      0 |   26.02
2026-02-13 11:48:01 | C3 | ตู้ที่ 7     | CONNECTED  |    160 |      0 |   52.80
2026-02-13 11:48:54 | C3 | ตู้ที่ 8     | CONNECTED  |    160 |      0 |   52.97
2026-02-13 11:49:48 | C3 | ตู้ที่ 9     | CONNECTED  |    160 |      0 |   52.93
2026-02-13 11:50:41 | C3 | ตู้ที่ 20    | CONNECTED  |    136 |      0 |   52.85
2026-02-13 11:50:42 | CYCLE #3 SUMMARY | Success: 1416 | Failed: 0 | Disconnected: 1 | Time: 507.10s (8.45m)
2026-02-13 11:50:45 | 
2026-02-13 11:50:45 | CYCLE #4 START | 2026-02-13 11:50:45
2026-02-13 11:51:37 | C4 | ตู้ที่ 1     | CONNECTED  |    160 |      0 |   52.75
2026-02-13 11:52:31 | C4 | ตู้ที่ 2     | CONNECTED  |    160 |      0 |   52.78
2026-02-13 11:53:24 | C4 | ตู้ที่ 3     | CONNECTED  |    160 |      0 |   52.75
2026-02-13 11:54:17 | C4 | ตู้ที่ 4     | CONNECTED  |    160 |      0 |   52.70
2026-02-13 11:55:10 | C4 | ตู้ที่ 5     | CONNECTED  |    160 |      0 |   52.78
2026-02-13 11:56:04 | C4 | ตู้ที่ 6     | CONNECTED  |    160 |      0 |   52.90
2026-02-13 11:56:57 | C4 | ตู้ที่ 7     | CONNECTED  |    160 |      0 |   52.80
2026-02-13 11:57:50 | C4 | ตู้ที่ 8     | CONNECTED  |    160 |      0 |   52.72
2026-02-13 11:58:44 | C4 | ตู้ที่ 9     | CONNECTED  |    160 |      0 |   52.94
2026-02-13 11:59:37 | C4 | ตู้ที่ 20    | CONNECTED  |    136 |      0 |   53.00
2026-02-13 11:59:38 | CYCLE #4 SUMMARY | Success: 1576 | Failed: 0 | Disconnected: 0 | Time: 533.14s (8.89m)
2026-02-13 11:59:41 | 
2026-02-13 11:59:41 | CYCLE #5 START | 2026-02-13 11:59:41
2026-02-13 12:00:34 | C5 | ตู้ที่ 1     | CONNECTED  |    160 |      0 |   52.80
2026-02-13 12:01:27 | C5 | ตู้ที่ 2     | CONNECTED  |    160 |      0 |   52.98
2026-02-13 12:02:20 | C5 | ตู้ที่ 3     | CONNECTED  |    160 |      0 |   52.82
2026-02-13 12:03:14 | C5 | ตู้ที่ 4     | CONNECTED  |    160 |      0 |   52.99
2026-02-13 12:04:07 | C5 | ตู้ที่ 5     | CONNECTED  |    160 |      0 |   52.96
2026-02-13 12:05:01 | C5 | ตู้ที่ 6     | CONNECTED  |    160 |      0 |   52.85
2026-02-13 12:05:54 | C5 | ตู้ที่ 7     | CONNECTED  |    160 |      0 |   52.83
2026-02-13 12:06:47 | C5 | ตู้ที่ 8     | CONNECTED  |    160 |      0 |   52.88
2026-02-13 12:07:41 | C5 | ตู้ที่ 9     | CONNECTED  |    160 |      0 |   52.73
2026-02-13 12:08:34 | C5 | ตู้ที่ 20    | CONNECTED  |    136 |      0 |   52.98
2026-02-13 12:08:35 | CYCLE #5 SUMMARY | Success: 1576 | Failed: 0 | Disconnected: 0 | Time: 533.85s (8.90m)
2026-02-13 12:08:38 | 
2026-02-13 12:08:38 | CYCLE #6 START | 2026-02-13 12:08:38
2026-02-13 12:09:31 | C6 | ตู้ที่ 1     | CONNECTED  |    160 |      0 |   53.02
2026-02-13 12:10:27 | C6 | ตู้ที่ 2     | CONNECTED  |    160 |      0 |   55.92
2026-02-13 12:11:20 | C6 | ตู้ที่ 3     | CONNECTED  |    160 |      0 |   52.75
2026-02-13 12:12:14 | C6 | ตู้ที่ 4     | CONNECTED  |    160 |      0 |   52.85
2026-02-13 12:13:07 | C6 | ตู้ที่ 5     | CONNECTED  |    160 |      0 |   52.84
2026-02-13 12:14:00 | C6 | ตู้ที่ 6     | CONNECTED  |    160 |      0 |   52.75
2026-02-13 12:14:54 | C6 | ตู้ที่ 7     | CONNECTED  |    160 |      0 |   53.04
2026-02-13 12:15:47 | C6 | ตู้ที่ 8     | CONNECTED  |    160 |      0 |   52.78
2026-02-13 12:16:40 | C6 | ตู้ที่ 9     | CONNECTED  |    160 |      0 |   52.75
2026-02-13 12:17:34 | C6 | ตู้ที่ 20    | CONNECTED  |    136 |      0 |   53.01
2026-02-13 12:17:34 | CYCLE #6 SUMMARY | Success: 1576 | Failed: 0 | Disconnected: 0 | Time: 536.72s (8.95m)
2026-02-13 12:17:37 | 
2026-02-13 12:17:37 | CYCLE #7 START | 2026-02-13 12:17:37
2026-02-13 12:18:30 | C7 | ตู้ที่ 1     | CONNECTED  |    160 |      0 |   52.85
2026-02-13 12:19:23 | C7 | ตู้ที่ 2     | CONNECTED  |    160 |      0 |   52.78
2026-02-13 12:20:17 | C7 | ตู้ที่ 3     | CONNECTED  |    160 |      0 |   53.35
2026-02-13 12:21:11 | C7 | ตู้ที่ 4     | CONNECTED  |    160 |      0 |   53.38
2026-02-13 12:22:05 | C7 | ตู้ที่ 5     | CONNECTED  |    160 |      0 |   53.12
2026-02-13 12:22:58 | C7 | ตู้ที่ 6     | CONNECTED  |    160 |      0 |   52.71
2026-02-13 12:23:51 | C7 | ตู้ที่ 7     | CONNECTED  |    160 |      0 |   52.85
2026-02-13 12:24:44 | C7 | ตู้ที่ 8     | CONNECTED  |    160 |      0 |   52.49
2026-02-13 12:25:37 | C7 | ตู้ที่ 9     | CONNECTED  |    160 |      0 |   52.57
2026-02-13 12:26:31 | C7 | ตู้ที่ 20    | CONNECTED  |    136 |      0 |   53.19
2026-02-13 12:26:32 | CYCLE #7 SUMMARY | Success: 1576 | Failed: 0 | Disconnected: 0 | Time: 534.33s (8.91m)
2026-02-13 12:26:35 | 
2026-02-13 12:26:35 | CYCLE #8 START | 2026-02-13 12:26:35
2026-02-13 12:27:32 | C8 | ตู้ที่ 1     | CONNECTED  |    160 |      0 |   57.00
2026-02-13 12:28:25 | C8 | ตู้ที่ 2     | CONNECTED  |    160 |      0 |   52.83
2026-02-13 12:29:18 | C8 | ตู้ที่ 3     | CONNECTED  |    160 |      0 |   52.85
2026-02-13 12:30:12 | C8 | ตู้ที่ 4     | CONNECTED  |    160 |      0 |   52.84
2026-02-13 12:31:05 | C8 | ตู้ที่ 5     | CONNECTED  |    160 |      0 |   52.88
2026-02-13 12:31:58 | C8 | ตู้ที่ 6     | CONNECTED  |    160 |      0 |   52.86
2026-02-13 12:32:52 | C8 | ตู้ที่ 7     | CONNECTED  |    160 |      0 |   52.77
2026-02-13 12:33:45 | C8 | ตู้ที่ 8     | CONNECTED  |    160 |      0 |   52.86
2026-02-13 12:34:39 | C8 | ตู้ที่ 9     | CONNECTED  |    160 |      0 |   53.00
2026-02-13 12:35:32 | C8 | ตู้ที่ 20    | CONNECTED  |    136 |      0 |   53.06
2026-02-13 12:35:33 | CYCLE #8 SUMMARY | Success: 1576 | Failed: 0 | Disconnected: 0 | Time: 537.97s (8.97m)
2026-02-13 12:35:36 | 
2026-02-13 12:35:36 | CYCLE #9 START | 2026-02-13 12:35:36
2026-02-13 12:36:28 | C9 | ตู้ที่ 1     | CONNECTED  |    160 |      0 |   52.75
2026-02-13 12:37:22 | C9 | ตู้ที่ 2     | CONNECTED  |    160 |      0 |   52.92
2026-02-13 12:38:15 | C9 | ตู้ที่ 3     | CONNECTED  |    160 |      0 |   53.02
2026-02-13 12:39:09 | C9 | ตู้ที่ 4     | CONNECTED  |    160 |      0 |   52.87
2026-02-13 12:40:02 | C9 | ตู้ที่ 5     | CONNECTED  |    160 |      0 |   52.82
2026-02-13 12:40:56 | C9 | ตู้ที่ 6     | CONNECTED  |    160 |      0 |   53.70
2026-02-13 12:41:49 | C9 | ตู้ที่ 7     | CONNECTED  |    160 |      0 |   52.60
2026-02-13 12:42:43 | C9 | ตู้ที่ 8     | CONNECTED  |    160 |      0 |   52.96
2026-02-13 12:43:36 | C9 | ตู้ที่ 9     | CONNECTED  |    160 |      0 |   52.60
2026-02-13 12:44:29 | C9 | ตู้ที่ 20    | CONNECTED  |    136 |      0 |   53.05
2026-02-13 12:44:30 | CYCLE #9 SUMMARY | Success: 1576 | Failed: 0 | Disconnected: 0 | Time: 534.31s (8.91m)
2026-02-13 12:44:33 | 
2026-02-13 12:44:33 | CYCLE #10 START | 2026-02-13 12:44:33
2026-02-13 12:45:26 | C10 | ตู้ที่ 1     | CONNECTED  |    160 |      0 |   52.76
2026-02-13 12:46:20 | C10 | ตู้ที่ 2     | CONNECTED  |    160 |      0 |   53.62
2026-02-13 12:47:13 | C10 | ตู้ที่ 3     | CONNECTED  |    160 |      0 |   52.87
2026-02-13 12:48:06 | C10 | ตู้ที่ 4     | CONNECTED  |    160 |      0 |   52.68
2026-02-13 12:49:02 | C10 | ตู้ที่ 5     | CONNECTED  |    160 |      0 |   54.79
2026-02-13 12:50:00 | C10 | ตู้ที่ 6     | CONNECTED  |    160 |      0 |   58.10
2026-02-13 12:50:53 | C10 | ตู้ที่ 7     | CONNECTED  |    160 |      0 |   52.49
2026-02-13 12:51:51 | C10 | ตู้ที่ 8     | CONNECTED  |    160 |      0 |   57.00
2026-02-13 12:52:49 | C10 | ตู้ที่ 9     | CONNECTED  |    160 |      0 |   58.03
2026-02-13 12:53:50 | C10 | ตู้ที่ 20    | CONNECTED  |    136 |      0 |   60.26
2026-02-13 12:53:51 | CYCLE #10 SUMMARY | Success: 1576 | Failed: 0 | Disconnected: 0 | Time: 557.61s (9.29m)
2026-02-13 12:53:54 | 
2026-02-13 12:53:54 | CYCLE #11 START | 2026-02-13 12:53:54
2026-02-13 12:54:55 | C11 | ตู้ที่ 1     | CONNECTED  |    160 |      0 |   61.68
2026-02-13 12:55:58 | C11 | ตู้ที่ 2     | CONNECTED  |    160 |      0 |   62.29
2026-02-13 12:57:03 | C11 | ตู้ที่ 3     | CONNECTED  |    160 |      0 |   64.25
2026-02-13 12:58:01 | C11 | ตู้ที่ 4     | CONNECTED  |    160 |      0 |   57.88
2026-02-13 12:58:57 | C11 | ตู้ที่ 5     | CONNECTED  |    160 |      0 |   55.69
2026-02-13 12:59:55 | C11 | ตู้ที่ 6     | CONNECTED  |    160 |      0 |   56.76
2026-02-13 13:00:54 | C11 | ตู้ที่ 7     | CONNECTED  |    160 |      0 |   58.67
2026-02-13 13:01:56 | C11 | ตู้ที่ 8     | CONNECTED  |    160 |      0 |   61.48
2026-02-13 13:02:41 | 
2026-02-13 13:02:41 | ======================================================================
2026-02-13 13:02:41 | FINAL SUMMARY
2026-02-13 13:02:41 | ======================================================================
2026-02-13 13:02:41 | Test End: 2026-02-13 13:02:41 | Total Runtime: 1:37:54.391107
2026-02-13 13:02:41 | Total Cycles: 11
2026-02-13 13:02:41 | Total Success: 15440 commands | Total Failed: 0 commands
2026-02-13 13:02:41 | Connection Failures: 2 times
2026-02-13 13:02:41 | Average per Cycle: Success: 1403.6 | Failed: 0.0
2026-02-13 13:02:41 | ======================================================================
2026-02-13 13:02:41 | Program ended successfully
